0 info it worked if it ends with ok
1 verbose cli [ '/Users/borndeveloper/.nvm/v0.10.40/bin/node',
1 verbose cli   '/Users/borndeveloper/.nvm/v0.10.40/bin/npm',
1 verbose cli   'install',
1 verbose cli   '--save',
1 verbose cli   'style-load',
1 verbose cli   'less-loader' ]
2 info using npm@1.4.28
3 info using node@v0.10.40
4 warn package.json autobind-decorator@1.3.2 No repository field.
5 verbose readDependencies using package.json deps
6 verbose cache add [ 'style-load', null ]
7 verbose cache add name=undefined spec="style-load" args=["style-load",null]
8 verbose parsed url { protocol: null,
8 verbose parsed url   slashes: null,
8 verbose parsed url   auth: null,
8 verbose parsed url   host: null,
8 verbose parsed url   port: null,
8 verbose parsed url   hostname: null,
8 verbose parsed url   hash: null,
8 verbose parsed url   search: null,
8 verbose parsed url   query: null,
8 verbose parsed url   pathname: 'style-load',
8 verbose parsed url   path: 'style-load',
8 verbose parsed url   href: 'style-load' }
9 verbose cache add [ 'less-loader', null ]
10 verbose cache add name=undefined spec="less-loader" args=["less-loader",null]
11 verbose parsed url { protocol: null,
11 verbose parsed url   slashes: null,
11 verbose parsed url   auth: null,
11 verbose parsed url   host: null,
11 verbose parsed url   port: null,
11 verbose parsed url   hostname: null,
11 verbose parsed url   hash: null,
11 verbose parsed url   search: null,
11 verbose parsed url   query: null,
11 verbose parsed url   pathname: 'less-loader',
11 verbose parsed url   path: 'less-loader',
11 verbose parsed url   href: 'less-loader' }
12 silly lockFile 5151aaa4-style-load style-load
13 verbose lock style-load /Users/borndeveloper/.npm/5151aaa4-style-load.lock
14 silly lockFile 9224eb5b-less-loader less-loader
15 verbose lock less-loader /Users/borndeveloper/.npm/9224eb5b-less-loader.lock
16 silly lockFile 5151aaa4-style-load style-load
17 silly lockFile 5151aaa4-style-load style-load
18 silly lockFile 9224eb5b-less-loader less-loader
19 silly lockFile 9224eb5b-less-loader less-loader
20 verbose addNamed [ 'style-load', '' ]
21 verbose addNamed [ null, '*' ]
22 silly lockFile 6e479b8b-style-load style-load@
23 verbose lock style-load@ /Users/borndeveloper/.npm/6e479b8b-style-load.lock
24 verbose addNamed [ 'less-loader', '' ]
25 verbose addNamed [ null, '*' ]
26 silly lockFile 579208eb-less-loader less-loader@
27 verbose lock less-loader@ /Users/borndeveloper/.npm/579208eb-less-loader.lock
28 silly addNameRange { name: 'style-load', range: '*', hasData: false }
29 silly addNameRange { name: 'less-loader', range: '*', hasData: false }
30 verbose request where is /style-load
31 verbose request registry https://registry.npmjs.org/
32 verbose request id a9f4b0c79ea6e3a2
33 verbose url raw /style-load
34 verbose url resolving [ 'https://registry.npmjs.org/', './style-load' ]
35 verbose url resolved https://registry.npmjs.org/style-load
36 verbose request where is https://registry.npmjs.org/style-load
37 info trying registry request attempt 1 at 14:01:28
38 http GET https://registry.npmjs.org/style-load
39 verbose request where is /less-loader
40 verbose request registry https://registry.npmjs.org/
41 verbose url raw /less-loader
42 verbose url resolving [ 'https://registry.npmjs.org/', './less-loader' ]
43 verbose url resolved https://registry.npmjs.org/less-loader
44 verbose request where is https://registry.npmjs.org/less-loader
45 info trying registry request attempt 1 at 14:01:28
46 http GET https://registry.npmjs.org/less-loader
47 http 404 https://registry.npmjs.org/style-load
48 silly registry.get cb [ 404,
48 silly registry.get   { 'content-type': 'application/json',
48 silly registry.get     'cache-control': 'max-age=0',
48 silly registry.get     'content-length': '2',
48 silly registry.get     'accept-ranges': 'bytes',
48 silly registry.get     date: 'Thu, 19 Nov 2015 19:01:28 GMT',
48 silly registry.get     via: '1.1 varnish',
48 silly registry.get     age: '0',
48 silly registry.get     connection: 'keep-alive',
48 silly registry.get     'x-served-by': 'cache-atl6228-ATL',
48 silly registry.get     'x-cache': 'MISS',
48 silly registry.get     'x-cache-hits': '0',
48 silly registry.get     'x-timer': 'S1447959688.762684,VS0,VE32' } ]
49 silly lockFile 6e479b8b-style-load style-load@
50 silly lockFile 6e479b8b-style-load style-load@
51 http 200 https://registry.npmjs.org/less-loader
52 silly registry.get cb [ 200,
52 silly registry.get   { server: 'CouchDB/1.5.0 (Erlang OTP/R16B03)',
52 silly registry.get     etag: '"BBQEL17QXUSVAFEBLXAV26GLB"',
52 silly registry.get     'content-type': 'application/json',
52 silly registry.get     'cache-control': 'max-age=60',
52 silly registry.get     'content-length': '28016',
52 silly registry.get     'accept-ranges': 'bytes',
52 silly registry.get     date: 'Thu, 19 Nov 2015 19:01:28 GMT',
52 silly registry.get     via: '1.1 varnish',
52 silly registry.get     age: '0',
52 silly registry.get     connection: 'keep-alive',
52 silly registry.get     'x-served-by': 'cache-atl6235-ATL',
52 silly registry.get     'x-cache': 'HIT',
52 silly registry.get     'x-cache-hits': '1',
52 silly registry.get     'x-timer': 'S1447959688.760147,VS0,VE97',
52 silly registry.get     vary: 'Accept' } ]
53 silly addNameRange number 2 { name: 'less-loader', range: '*', hasData: true }
54 silly addNameRange versions [ 'less-loader',
54 silly addNameRange   [ '0.1.0',
54 silly addNameRange     '0.1.1',
54 silly addNameRange     '0.1.2',
54 silly addNameRange     '0.1.3',
54 silly addNameRange     '0.2.0',
54 silly addNameRange     '0.2.1',
54 silly addNameRange     '0.2.2',
54 silly addNameRange     '0.5.0',
54 silly addNameRange     '0.5.1',
54 silly addNameRange     '0.6.0',
54 silly addNameRange     '0.6.1',
54 silly addNameRange     '0.6.2',
54 silly addNameRange     '0.7.0',
54 silly addNameRange     '0.7.1',
54 silly addNameRange     '0.7.2',
54 silly addNameRange     '0.7.3',
54 silly addNameRange     '0.7.4',
54 silly addNameRange     '0.7.5',
54 silly addNameRange     '0.7.6',
54 silly addNameRange     '0.7.7',
54 silly addNameRange     '0.7.8',
54 silly addNameRange     '2.0.0',
54 silly addNameRange     '2.1.0',
54 silly addNameRange     '2.2.0',
54 silly addNameRange     '2.2.1' ] ]
55 verbose addNamed [ 'less-loader', '2.2.1' ]
56 verbose addNamed [ '2.2.1', '2.2.1' ]
57 silly lockFile 0c2f9dad-less-loader-2-2-1 less-loader@2.2.1
58 verbose lock less-loader@2.2.1 /Users/borndeveloper/.npm/0c2f9dad-less-loader-2-2-1.lock
59 silly lockFile a68a8c52-ess-loader-less-loader-2-2-1-tgz https://registry.npmjs.org/less-loader/-/less-loader-2.2.1.tgz
60 verbose lock https://registry.npmjs.org/less-loader/-/less-loader-2.2.1.tgz /Users/borndeveloper/.npm/a68a8c52-ess-loader-less-loader-2-2-1-tgz.lock
61 verbose addRemoteTarball [ 'https://registry.npmjs.org/less-loader/-/less-loader-2.2.1.tgz',
61 verbose addRemoteTarball   'b8571c9b62bae889c93cdd2c21ae6945d6571e46' ]
62 info retry fetch attempt 1 at 14:01:28
63 verbose fetch to= /var/folders/9c/0jhc83lx789cq5cfyd6v5smm0000gp/T/npm-88112-cFFI1yKu/registry.npmjs.org/less-loader/-/less-loader-2.2.1.tgz
64 http GET https://registry.npmjs.org/less-loader/-/less-loader-2.2.1.tgz
65 http 200 https://registry.npmjs.org/less-loader/-/less-loader-2.2.1.tgz
66 silly lockFile a68a8c52-ess-loader-less-loader-2-2-1-tgz https://registry.npmjs.org/less-loader/-/less-loader-2.2.1.tgz
67 silly lockFile a68a8c52-ess-loader-less-loader-2-2-1-tgz https://registry.npmjs.org/less-loader/-/less-loader-2.2.1.tgz
68 silly lockFile 0c2f9dad-less-loader-2-2-1 less-loader@2.2.1
69 silly lockFile 0c2f9dad-less-loader-2-2-1 less-loader@2.2.1
70 silly lockFile 579208eb-less-loader less-loader@
71 silly lockFile 579208eb-less-loader less-loader@
72 error 404 Not Found
72 error 404
72 error 404 'style-load' is not in the npm registry.
72 error 404 You should bug the author to publish it
72 error 404 It was specified as a dependency of 'react-transform-boilerplate'
72 error 404
72 error 404 Note that you can also install from a
72 error 404 tarball, folder, or http url, or git url.
73 error System Darwin 14.5.0
74 error command "/Users/borndeveloper/.nvm/v0.10.40/bin/node" "/Users/borndeveloper/.nvm/v0.10.40/bin/npm" "install" "--save" "style-load" "less-loader"
75 error cwd /Users/borndeveloper/Documents/js/react/sgetti
76 error node -v v0.10.40
77 error npm -v 1.4.28
78 error code E404
79 verbose exit [ 1, true ]
